# JRE version: OpenJDK Runtime Environment (7.0_85-b01) (build 1.7.0_85-b01)
# Java VM: OpenJDK 64-Bit Server VM (24.85-b03 mixed mode linux-amd64 compressed oops)
Heap
 def new generation   total 76672K, used 25645K [0x00000000b5a00000, 0x00000000bad30000, 0x00000000bad30000)
  eden space 68160K,  31% used [0x00000000b5a00000, 0x00000000b6f0a738, 0x00000000b9c90000)
  from space 8512K,  48% used [0x00000000b9c90000, 0x00000000ba090e60, 0x00000000ba4e0000)
  to   space 8512K,   0% used [0x00000000ba4e0000, 0x00000000ba4e0000, 0x00000000bad30000)
 concurrent mark-sweep generation total 176960K, used 30245K [0x00000000bad30000, 0x00000000c5a00000, 0x00000000f5a00000)
 concurrent-mark-sweep perm gen total 41024K, used 40943K [0x00000000f5a00000, 0x00000000f8210000, 0x0000000100000000)
GC Heap History (10 events):
Event: 68.479 GC heap before
{Heap before GC invocations=7 (full 0):
 def new generation   total 76672K, used 70748K [0x00000000b5a00000, 0x00000000bad30000, 0x00000000bad30000)
  eden space 68160K,  99% used [0x00000000b5a00000, 0x00000000b9c79260, 0x00000000b9c90000)
  from space 8512K,  31% used [0x00000000ba4e0000, 0x00000000ba77e078, 0x00000000bad30000)
  to   space 8512K,   0% used [0x00000000b9c90000, 0x00000000b9c90000, 0x00000000ba4e0000)
 concurrent mark-sweep generation total 176960K, used 28483K [0x00000000bad30000, 0x00000000c5a00000, 0x00000000f5a00000)
 concurrent-mark-sweep perm gen total 40832K, used 40667K [0x00000000f5a00000, 0x00000000f81e0000, 0x0000000100000000)
Event: 68.495 GC heap after
Heap after GC invocations=8 (full 0):
 def new generation   total 76672K, used 3314K [0x00000000b5a00000, 0x00000000bad30000, 0x00000000bad30000)
  eden space 68160K,   0% used [0x00000000b5a00000, 0x00000000b5a00000, 0x00000000b9c90000)
  from space 8512K,  38% used [0x00000000b9c90000, 0x00000000b9fcc8e8, 0x00000000ba4e0000)
  to   space 8512K,   0% used [0x00000000ba4e0000, 0x00000000ba4e0000, 0x00000000bad30000)
 concurrent mark-sweep generation total 176960K, used 28483K [0x00000000bad30000, 0x00000000c5a00000, 0x00000000f5a00000)
 concurrent-mark-sweep perm gen total 40832K, used 40667K [0x00000000f5a00000, 0x00000000f81e0000, 0x0000000100000000)
}
Event: 106.893 GC heap before
{Heap before GC invocations=8 (full 0):
 def new generation   total 76672K, used 71474K [0x00000000b5a00000, 0x00000000bad30000, 0x00000000bad30000)
  eden space 68160K, 100% used [0x00000000b5a00000, 0x00000000b9c90000, 0x00000000b9c90000)
  from space 8512K,  38% used [0x00000000b9c90000, 0x00000000b9fcc8e8, 0x00000000ba4e0000)
  to   space 8512K,   0% used [0x00000000ba4e0000, 0x00000000ba4e0000, 0x00000000bad30000)
 concurrent mark-sweep generation total 176960K, used 28483K [0x00000000bad30000, 0x00000000c5a00000, 0x00000000f5a00000)
 concurrent-mark-sweep perm gen total 40832K, used 40732K [0x00000000f5a00000, 0x00000000f81e0000, 0x0000000100000000)
Event: 106.899 GC heap after
Heap after GC invocations=9 (full 0):
 def new generation   total 76672K, used 2637K [0x00000000b5a00000, 0x00000000bad30000, 0x00000000bad30000)
  eden space 68160K,   0% used [0x00000000b5a00000, 0x00000000b5a00000, 0x00000000b9c90000)
  from space 8512K,  30% used [0x00000000ba4e0000, 0x00000000ba773468, 0x00000000bad30000)
  to   space 8512K,   0% used [0x00000000b9c90000, 0x00000000b9c90000, 0x00000000ba4e0000)
 concurrent mark-sweep generation total 176960K, used 28483K [0x00000000bad30000, 0x00000000c5a00000, 0x00000000f5a00000)
 concurrent-mark-sweep perm gen total 40832K, used 40732K [0x00000000f5a00000, 0x00000000f81e0000, 0x0000000100000000)
}
Event: 137.364 GC heap before
{Heap before GC invocations=9 (full 0):
 def new generation   total 76672K, used 70797K [0x00000000b5a00000, 0x00000000bad30000, 0x00000000bad30000)
  eden space 68160K, 100% used [0x00000000b5a00000, 0x00000000b9c90000, 0x00000000b9c90000)
  from space 8512K,  30% used [0x00000000ba4e0000, 0x00000000ba773468, 0x00000000bad30000)
  to   space 8512K,   0% used [0x00000000b9c90000, 0x00000000b9c90000, 0x00000000ba4e0000)
 concurrent mark-sweep generation total 176960K, used 28483K [0x00000000bad30000, 0x00000000c5a00000, 0x00000000f5a00000)
 concurrent-mark-sweep perm gen total 40832K, used 40790K [0x00000000f5a00000, 0x00000000f81e0000, 0x0000000100000000)
Event: 137.371 GC heap after
Heap after GC invocations=10 (full 0):
 def new generation   total 76672K, used 4396K [0x00000000b5a00000, 0x00000000bad30000, 0x00000000bad30000)
  eden space 68160K,   0% used [0x00000000b5a00000, 0x00000000b5a00000, 0x00000000b9c90000)
  from space 8512K,  51% used [0x00000000b9c90000, 0x00000000ba0db220, 0x00000000ba4e0000)
  to   space 8512K,   0% used [0x00000000ba4e0000, 0x00000000ba4e0000, 0x00000000bad30000)
 concurrent mark-sweep generation total 176960K, used 28483K [0x00000000bad30000, 0x00000000c5a00000, 0x00000000f5a00000)
 concurrent-mark-sweep perm gen total 40832K, used 40790K [0x00000000f5a00000, 0x00000000f81e0000, 0x0000000100000000)
}
Event: 158.181 GC heap before
{Heap before GC invocations=10 (full 0):
 def new generation   total 76672K, used 72556K [0x00000000b5a00000, 0x00000000bad30000, 0x00000000bad30000)
  eden space 68160K, 100% used [0x00000000b5a00000, 0x00000000b9c90000, 0x00000000b9c90000)
  from space 8512K,  51% used [0x00000000b9c90000, 0x00000000ba0db220, 0x00000000ba4e0000)
  to   space 8512K,   0% used [0x00000000ba4e0000, 0x00000000ba4e0000, 0x00000000bad30000)
 concurrent mark-sweep generation total 176960K, used 28483K [0x00000000bad30000, 0x00000000c5a00000, 0x00000000f5a00000)
 concurrent-mark-sweep perm gen total 41024K, used 40883K [0x00000000f5a00000, 0x00000000f8210000, 0x0000000100000000)
Event: 158.335 GC heap after
Heap after GC invocations=11 (full 0):
 def new generation   total 76672K, used 4812K [0x00000000b5a00000, 0x00000000bad30000, 0x00000000bad30000)
  eden space 68160K,   0% used [0x00000000b5a00000, 0x00000000b5a00000, 0x00000000b9c90000)
  from space 8512K,  56% used [0x00000000ba4e0000, 0x00000000ba9930c8, 0x00000000bad30000)
  to   space 8512K,   0% used [0x00000000b9c90000, 0x00000000b9c90000, 0x00000000ba4e0000)
 concurrent mark-sweep generation total 176960K, used 29066K [0x00000000bad30000, 0x00000000c5a00000, 0x00000000f5a00000)
 concurrent-mark-sweep perm gen total 41024K, used 40883K [0x00000000f5a00000, 0x00000000f8210000, 0x0000000100000000)
}
Event: 188.041 GC heap before
{Heap before GC invocations=11 (full 0):
 def new generation   total 76672K, used 72972K [0x00000000b5a00000, 0x00000000bad30000, 0x00000000bad30000)
  eden space 68160K, 100% used [0x00000000b5a00000, 0x00000000b9c90000, 0x00000000b9c90000)
  from space 8512K,  56% used [0x00000000ba4e0000, 0x00000000ba9930c8, 0x00000000bad30000)
  to   space 8512K,   0% used [0x00000000b9c90000, 0x00000000b9c90000, 0x00000000ba4e0000)
 concurrent mark-sweep generation total 176960K, used 29066K [0x00000000bad30000, 0x00000000c5a00000, 0x00000000f5a00000)
 concurrent-mark-sweep perm gen total 41024K, used 40931K [0x00000000f5a00000, 0x00000000f8210000, 0x0000000100000000)
Event: 188.049 GC heap after
Heap after GC invocations=12 (full 0):
 def new generation   total 76672K, used 4099K [0x00000000b5a00000, 0x00000000bad30000, 0x00000000bad30000)
  eden space 68160K,   0% used [0x00000000b5a00000, 0x00000000b5a00000, 0x00000000b9c90000)
  from space 8512K,  48% used [0x00000000b9c90000, 0x00000000ba090e60, 0x00000000ba4e0000)
  to   space 8512K,   0% used [0x00000000ba4e0000, 0x00000000ba4e0000, 0x00000000bad30000)
 concurrent mark-sweep generation total 176960K, used 30245K [0x00000000bad30000, 0x00000000c5a00000, 0x00000000f5a00000)
 concurrent-mark-sweep perm gen total 41024K, used 40931K [0x00000000f5a00000, 0x00000000f8210000, 0x0000000100000000)
}

