# JRE version: OpenJDK Runtime Environment (7.0_85-b01) (build 1.7.0_85-b01)
# Java VM: OpenJDK 64-Bit Server VM (24.85-b03 mixed mode linux-amd64 compressed oops)
Heap
 def new generation   total 76672K, used 48260K [0x00000000b5a00000, 0x00000000bad30000, 0x00000000bad30000)
  eden space 68160K,  64% used [0x00000000b5a00000, 0x00000000b850fc28, 0x00000000b9c90000)
  from space 8512K,  48% used [0x00000000ba4e0000, 0x00000000ba8f1608, 0x00000000bad30000)
  to   space 8512K,   0% used [0x00000000b9c90000, 0x00000000b9c90000, 0x00000000ba4e0000)
 concurrent mark-sweep generation total 176960K, used 23560K [0x00000000bad30000, 0x00000000c5a00000, 0x00000000f5a00000)
 concurrent-mark-sweep perm gen total 65728K, used 41175K [0x00000000f5a00000, 0x00000000f9a30000, 0x0000000100000000)
GC Heap History (10 events):
Event: 240.676 GC heap before
{Heap before GC invocations=13 (full 1):
 def new generation   total 76672K, used 70062K [0x00000000b5a00000, 0x00000000bad30000, 0x00000000bad30000)
  eden space 68160K, 100% used [0x00000000b5a00000, 0x00000000b9c90000, 0x00000000b9c90000)
  from space 8512K,  22% used [0x00000000b9c90000, 0x00000000b9e6b900, 0x00000000ba4e0000)
  to   space 8512K,   0% used [0x00000000ba4e0000, 0x00000000ba4e0000, 0x00000000bad30000)
 concurrent mark-sweep generation total 176960K, used 21612K [0x00000000bad30000, 0x00000000c5a00000, 0x00000000f5a00000)
 concurrent-mark-sweep perm gen total 65728K, used 40977K [0x00000000f5a00000, 0x00000000f9a30000, 0x0000000100000000)
Event: 240.685 GC heap after
Heap after GC invocations=14 (full 1):
 def new generation   total 76672K, used 3689K [0x00000000b5a00000, 0x00000000bad30000, 0x00000000bad30000)
  eden space 68160K,   0% used [0x00000000b5a00000, 0x00000000b5a00000, 0x00000000b9c90000)
  from space 8512K,  43% used [0x00000000ba4e0000, 0x00000000ba87a400, 0x00000000bad30000)
  to   space 8512K,   0% used [0x00000000b9c90000, 0x00000000b9c90000, 0x00000000ba4e0000)
 concurrent mark-sweep generation total 176960K, used 21612K [0x00000000bad30000, 0x00000000c5a00000, 0x00000000f5a00000)
 concurrent-mark-sweep perm gen total 65728K, used 40977K [0x00000000f5a00000, 0x00000000f9a30000, 0x0000000100000000)
}
Event: 280.362 GC heap before
{Heap before GC invocations=14 (full 1):
 def new generation   total 76672K, used 71849K [0x00000000b5a00000, 0x00000000bad30000, 0x00000000bad30000)
  eden space 68160K, 100% used [0x00000000b5a00000, 0x00000000b9c90000, 0x00000000b9c90000)
  from space 8512K,  43% used [0x00000000ba4e0000, 0x00000000ba87a400, 0x00000000bad30000)
  to   space 8512K,   0% used [0x00000000b9c90000, 0x00000000b9c90000, 0x00000000ba4e0000)
 concurrent mark-sweep generation total 176960K, used 21612K [0x00000000bad30000, 0x00000000c5a00000, 0x00000000f5a00000)
 concurrent-mark-sweep perm gen total 65728K, used 41031K [0x00000000f5a00000, 0x00000000f9a30000, 0x0000000100000000)
Event: 280.369 GC heap after
Heap after GC invocations=15 (full 1):
 def new generation   total 76672K, used 5224K [0x00000000b5a00000, 0x00000000bad30000, 0x00000000bad30000)
  eden space 68160K,   0% used [0x00000000b5a00000, 0x00000000b5a00000, 0x00000000b9c90000)
  from space 8512K,  61% used [0x00000000b9c90000, 0x00000000ba1aa120, 0x00000000ba4e0000)
  to   space 8512K,   0% used [0x00000000ba4e0000, 0x00000000ba4e0000, 0x00000000bad30000)
 concurrent mark-sweep generation total 176960K, used 21612K [0x00000000bad30000, 0x00000000c5a00000, 0x00000000f5a00000)
 concurrent-mark-sweep perm gen total 65728K, used 41031K [0x00000000f5a00000, 0x00000000f9a30000, 0x0000000100000000)
}
Event: 300.939 GC heap before
{Heap before GC invocations=15 (full 1):
 def new generation   total 76672K, used 73384K [0x00000000b5a00000, 0x00000000bad30000, 0x00000000bad30000)
  eden space 68160K, 100% used [0x00000000b5a00000, 0x00000000b9c90000, 0x00000000b9c90000)
  from space 8512K,  61% used [0x00000000b9c90000, 0x00000000ba1aa120, 0x00000000ba4e0000)
  to   space 8512K,   0% used [0x00000000ba4e0000, 0x00000000ba4e0000, 0x00000000bad30000)
 concurrent mark-sweep generation total 176960K, used 21612K [0x00000000bad30000, 0x00000000c5a00000, 0x00000000f5a00000)
 concurrent-mark-sweep perm gen total 65728K, used 41055K [0x00000000f5a00000, 0x00000000f9a30000, 0x0000000100000000)
Event: 300.946 GC heap after
Heap after GC invocations=16 (full 1):
 def new generation   total 76672K, used 4596K [0x00000000b5a00000, 0x00000000bad30000, 0x00000000bad30000)
  eden space 68160K,   0% used [0x00000000b5a00000, 0x00000000b5a00000, 0x00000000b9c90000)
  from space 8512K,  54% used [0x00000000ba4e0000, 0x00000000ba95d2e0, 0x00000000bad30000)
  to   space 8512K,   0% used [0x00000000b9c90000, 0x00000000b9c90000, 0x00000000ba4e0000)
 concurrent mark-sweep generation total 176960K, used 22704K [0x00000000bad30000, 0x00000000c5a00000, 0x00000000f5a00000)
 concurrent-mark-sweep perm gen total 65728K, used 41055K [0x00000000f5a00000, 0x00000000f9a30000, 0x0000000100000000)
}
Event: 331.123 GC heap before
{Heap before GC invocations=16 (full 1):
 def new generation   total 76672K, used 72756K [0x00000000b5a00000, 0x00000000bad30000, 0x00000000bad30000)
  eden space 68160K, 100% used [0x00000000b5a00000, 0x00000000b9c90000, 0x00000000b9c90000)
  from space 8512K,  54% used [0x00000000ba4e0000, 0x00000000ba95d2e0, 0x00000000bad30000)
  to   space 8512K,   0% used [0x00000000b9c90000, 0x00000000b9c90000, 0x00000000ba4e0000)
 concurrent mark-sweep generation total 176960K, used 22704K [0x00000000bad30000, 0x00000000c5a00000, 0x00000000f5a00000)
 concurrent-mark-sweep perm gen total 65728K, used 41090K [0x00000000f5a00000, 0x00000000f9a30000, 0x0000000100000000)
Event: 331.134 GC heap after
Heap after GC invocations=17 (full 1):
 def new generation   total 76672K, used 2919K [0x00000000b5a00000, 0x00000000bad30000, 0x00000000bad30000)
  eden space 68160K,   0% used [0x00000000b5a00000, 0x00000000b5a00000, 0x00000000b9c90000)
  from space 8512K,  34% used [0x00000000b9c90000, 0x00000000b9f69cf8, 0x00000000ba4e0000)
  to   space 8512K,   0% used [0x00000000ba4e0000, 0x00000000ba4e0000, 0x00000000bad30000)
 concurrent mark-sweep generation total 176960K, used 23560K [0x00000000bad30000, 0x00000000c5a00000, 0x00000000f5a00000)
 concurrent-mark-sweep perm gen total 65728K, used 41090K [0x00000000f5a00000, 0x00000000f9a30000, 0x0000000100000000)
}
Event: 365.112 GC heap before
{Heap before GC invocations=17 (full 1):
 def new generation   total 76672K, used 71079K [0x00000000b5a00000, 0x00000000bad30000, 0x00000000bad30000)
  eden space 68160K, 100% used [0x00000000b5a00000, 0x00000000b9c90000, 0x00000000b9c90000)
  from space 8512K,  34% used [0x00000000b9c90000, 0x00000000b9f69cf8, 0x00000000ba4e0000)
  to   space 8512K,   0% used [0x00000000ba4e0000, 0x00000000ba4e0000, 0x00000000bad30000)
 concurrent mark-sweep generation total 176960K, used 23560K [0x00000000bad30000, 0x00000000c5a00000, 0x00000000f5a00000)
 concurrent-mark-sweep perm gen total 65728K, used 41147K [0x00000000f5a00000, 0x00000000f9a30000, 0x0000000100000000)
Event: 365.135 GC heap after
Heap after GC invocations=18 (full 1):
 def new generation   total 76672K, used 4165K [0x00000000b5a00000, 0x00000000bad30000, 0x00000000bad30000)
  eden space 68160K,   0% used [0x00000000b5a00000, 0x00000000b5a00000, 0x00000000b9c90000)
  from space 8512K,  48% used [0x00000000ba4e0000, 0x00000000ba8f1608, 0x00000000bad30000)
  to   space 8512K,   0% used [0x00000000b9c90000, 0x00000000b9c90000, 0x00000000ba4e0000)
 concurrent mark-sweep generation total 176960K, used 23560K [0x00000000bad30000, 0x00000000c5a00000, 0x00000000f5a00000)
 concurrent-mark-sweep perm gen total 65728K, used 41147K [0x00000000f5a00000, 0x00000000f9a30000, 0x0000000100000000)
}

