# JRE version: OpenJDK Runtime Environment (7.0_85-b01) (build 1.7.0_85-b01)
# Java VM: OpenJDK 64-Bit Server VM (24.85-b03 mixed mode linux-amd64 compressed oops)
Heap
 def new generation   total 76672K, used 38632K [0x00000000b5a00000, 0x00000000bad30000, 0x00000000bad30000)
  eden space 68160K,  50% used [0x00000000b5a00000, 0x00000000b7be4a50, 0x00000000b9c90000)
  from space 8512K,  46% used [0x00000000b9c90000, 0x00000000ba0655b8, 0x00000000ba4e0000)
  to   space 8512K,   0% used [0x00000000ba4e0000, 0x00000000ba4e0000, 0x00000000bad30000)
 concurrent mark-sweep generation total 176960K, used 30427K [0x00000000bad30000, 0x00000000c5a00000, 0x00000000f5a00000)
 concurrent-mark-sweep perm gen total 41408K, used 41348K [0x00000000f5a00000, 0x00000000f8270000, 0x0000000100000000)
GC Heap History (10 events):
Event: 57.424 GC heap before
{Heap before GC invocations=7 (full 0):
 def new generation   total 76672K, used 71009K [0x00000000b5a00000, 0x00000000bad30000, 0x00000000bad30000)
  eden space 68160K, 100% used [0x00000000b5a00000, 0x00000000b9c90000, 0x00000000b9c90000)
  from space 8512K,  33% used [0x00000000ba4e0000, 0x00000000ba7a8778, 0x00000000bad30000)
  to   space 8512K,   0% used [0x00000000b9c90000, 0x00000000b9c90000, 0x00000000ba4e0000)
 concurrent mark-sweep generation total 176960K, used 27942K [0x00000000bad30000, 0x00000000c5a00000, 0x00000000f5a00000)
 concurrent-mark-sweep perm gen total 41216K, used 41096K [0x00000000f5a00000, 0x00000000f8240000, 0x0000000100000000)
Event: 57.434 GC heap after
Heap after GC invocations=8 (full 0):
 def new generation   total 76672K, used 3654K [0x00000000b5a00000, 0x00000000bad30000, 0x00000000bad30000)
  eden space 68160K,   0% used [0x00000000b5a00000, 0x00000000b5a00000, 0x00000000b9c90000)
  from space 8512K,  42% used [0x00000000b9c90000, 0x00000000ba021850, 0x00000000ba4e0000)
  to   space 8512K,   0% used [0x00000000ba4e0000, 0x00000000ba4e0000, 0x00000000bad30000)
 concurrent mark-sweep generation total 176960K, used 27942K [0x00000000bad30000, 0x00000000c5a00000, 0x00000000f5a00000)
 concurrent-mark-sweep perm gen total 41216K, used 41096K [0x00000000f5a00000, 0x00000000f8240000, 0x0000000100000000)
}
Event: 97.057 GC heap before
{Heap before GC invocations=8 (full 0):
 def new generation   total 76672K, used 71814K [0x00000000b5a00000, 0x00000000bad30000, 0x00000000bad30000)
  eden space 68160K, 100% used [0x00000000b5a00000, 0x00000000b9c90000, 0x00000000b9c90000)
  from space 8512K,  42% used [0x00000000b9c90000, 0x00000000ba021850, 0x00000000ba4e0000)
  to   space 8512K,   0% used [0x00000000ba4e0000, 0x00000000ba4e0000, 0x00000000bad30000)
 concurrent mark-sweep generation total 176960K, used 27942K [0x00000000bad30000, 0x00000000c5a00000, 0x00000000f5a00000)
 concurrent-mark-sweep perm gen total 41216K, used 41153K [0x00000000f5a00000, 0x00000000f8240000, 0x0000000100000000)
Event: 97.063 GC heap after
Heap after GC invocations=9 (full 0):
 def new generation   total 76672K, used 3414K [0x00000000b5a00000, 0x00000000bad30000, 0x00000000bad30000)
  eden space 68160K,   0% used [0x00000000b5a00000, 0x00000000b5a00000, 0x00000000b9c90000)
  from space 8512K,  40% used [0x00000000ba4e0000, 0x00000000ba835a80, 0x00000000bad30000)
  to   space 8512K,   0% used [0x00000000b9c90000, 0x00000000b9c90000, 0x00000000ba4e0000)
 concurrent mark-sweep generation total 176960K, used 27942K [0x00000000bad30000, 0x00000000c5a00000, 0x00000000f5a00000)
 concurrent-mark-sweep perm gen total 41216K, used 41153K [0x00000000f5a00000, 0x00000000f8240000, 0x0000000100000000)
}
Event: 127.761 GC heap before
{Heap before GC invocations=9 (full 0):
 def new generation   total 76672K, used 71574K [0x00000000b5a00000, 0x00000000bad30000, 0x00000000bad30000)
  eden space 68160K, 100% used [0x00000000b5a00000, 0x00000000b9c90000, 0x00000000b9c90000)
  from space 8512K,  40% used [0x00000000ba4e0000, 0x00000000ba835a80, 0x00000000bad30000)
  to   space 8512K,   0% used [0x00000000b9c90000, 0x00000000b9c90000, 0x00000000ba4e0000)
 concurrent mark-sweep generation total 176960K, used 27942K [0x00000000bad30000, 0x00000000c5a00000, 0x00000000f5a00000)
 concurrent-mark-sweep perm gen total 41408K, used 41193K [0x00000000f5a00000, 0x00000000f8270000, 0x0000000100000000)
Event: 127.783 GC heap after
Heap after GC invocations=10 (full 0):
 def new generation   total 76672K, used 6908K [0x00000000b5a00000, 0x00000000bad30000, 0x00000000bad30000)
  eden space 68160K,   0% used [0x00000000b5a00000, 0x00000000b5a00000, 0x00000000b9c90000)
  from space 8512K,  81% used [0x00000000b9c90000, 0x00000000ba34f000, 0x00000000ba4e0000)
  to   space 8512K,   0% used [0x00000000ba4e0000, 0x00000000ba4e0000, 0x00000000bad30000)
 concurrent mark-sweep generation total 176960K, used 27942K [0x00000000bad30000, 0x00000000c5a00000, 0x00000000f5a00000)
 concurrent-mark-sweep perm gen total 41408K, used 41193K [0x00000000f5a00000, 0x00000000f8270000, 0x0000000100000000)
}
Event: 147.897 GC heap before
{Heap before GC invocations=10 (full 0):
 def new generation   total 76672K, used 75068K [0x00000000b5a00000, 0x00000000bad30000, 0x00000000bad30000)
  eden space 68160K, 100% used [0x00000000b5a00000, 0x00000000b9c90000, 0x00000000b9c90000)
  from space 8512K,  81% used [0x00000000b9c90000, 0x00000000ba34f000, 0x00000000ba4e0000)
  to   space 8512K,   0% used [0x00000000ba4e0000, 0x00000000ba4e0000, 0x00000000bad30000)
 concurrent mark-sweep generation total 176960K, used 27942K [0x00000000bad30000, 0x00000000c5a00000, 0x00000000f5a00000)
 concurrent-mark-sweep perm gen total 41408K, used 41249K [0x00000000f5a00000, 0x00000000f8270000, 0x0000000100000000)
Event: 147.907 GC heap after
Heap after GC invocations=11 (full 0):
 def new generation   total 76672K, used 3540K [0x00000000b5a00000, 0x00000000bad30000, 0x00000000bad30000)
  eden space 68160K,   0% used [0x00000000b5a00000, 0x00000000b5a00000, 0x00000000b9c90000)
  from space 8512K,  41% used [0x00000000ba4e0000, 0x00000000ba855118, 0x00000000bad30000)
  to   space 8512K,   0% used [0x00000000b9c90000, 0x00000000b9c90000, 0x00000000ba4e0000)
 concurrent mark-sweep generation total 176960K, used 30427K [0x00000000bad30000, 0x00000000c5a00000, 0x00000000f5a00000)
 concurrent-mark-sweep perm gen total 41408K, used 41249K [0x00000000f5a00000, 0x00000000f8270000, 0x0000000100000000)
}
Event: 179.023 GC heap before
{Heap before GC invocations=11 (full 0):
 def new generation   total 76672K, used 71700K [0x00000000b5a00000, 0x00000000bad30000, 0x00000000bad30000)
  eden space 68160K, 100% used [0x00000000b5a00000, 0x00000000b9c90000, 0x00000000b9c90000)
  from space 8512K,  41% used [0x00000000ba4e0000, 0x00000000ba855118, 0x00000000bad30000)
  to   space 8512K,   0% used [0x00000000b9c90000, 0x00000000b9c90000, 0x00000000ba4e0000)
 concurrent mark-sweep generation total 176960K, used 30427K [0x00000000bad30000, 0x00000000c5a00000, 0x00000000f5a00000)
 concurrent-mark-sweep perm gen total 41408K, used 41324K [0x00000000f5a00000, 0x00000000f8270000, 0x0000000100000000)
Event: 179.039 GC heap after
Heap after GC invocations=12 (full 0):
 def new generation   total 76672K, used 3925K [0x00000000b5a00000, 0x00000000bad30000, 0x00000000bad30000)
  eden space 68160K,   0% used [0x00000000b5a00000, 0x00000000b5a00000, 0x00000000b9c90000)
  from space 8512K,  46% used [0x00000000b9c90000, 0x00000000ba0655b8, 0x00000000ba4e0000)
  to   space 8512K,   0% used [0x00000000ba4e0000, 0x00000000ba4e0000, 0x00000000bad30000)
 concurrent mark-sweep generation total 176960K, used 30427K [0x00000000bad30000, 0x00000000c5a00000, 0x00000000f5a00000)
 concurrent-mark-sweep perm gen total 41408K, used 41324K [0x00000000f5a00000, 0x00000000f8270000, 0x0000000100000000)
}

