# JRE version: OpenJDK Runtime Environment (7.0_85-b01) (build 1.7.0_85-b01)
# Java VM: OpenJDK 64-Bit Server VM (24.85-b03 mixed mode linux-amd64 compressed oops)
Heap
 def new generation   total 76672K, used 66879K [0x00000000b5a00000, 0x00000000bad30000, 0x00000000bad30000)
  eden space 68160K,  94% used [0x00000000b5a00000, 0x00000000b98b58f0, 0x00000000b9c90000)
  from space 8512K,  31% used [0x00000000ba4e0000, 0x00000000ba77a3b0, 0x00000000bad30000)
  to   space 8512K,   0% used [0x00000000b9c90000, 0x00000000b9c90000, 0x00000000ba4e0000)
 concurrent mark-sweep generation total 176960K, used 28203K [0x00000000bad30000, 0x00000000c5a00000, 0x00000000f5a00000)
 concurrent-mark-sweep perm gen total 41024K, used 40880K [0x00000000f5a00000, 0x00000000f8210000, 0x0000000100000000)
GC Heap History (10 events):
Event: 4.579 GC heap before
{Heap before GC invocations=2 (full 0):
 def new generation   total 76672K, used 76671K [0x00000000b5a00000, 0x00000000bad30000, 0x00000000bad30000)
  eden space 68160K, 100% used [0x00000000b5a00000, 0x00000000b9c90000, 0x00000000b9c90000)
  from space 8512K,  99% used [0x00000000b9c90000, 0x00000000ba4dfff8, 0x00000000ba4e0000)
  to   space 8512K,   0% used [0x00000000ba4e0000, 0x00000000ba4e0000, 0x00000000bad30000)
 concurrent mark-sweep generation total 176960K, used 4021K [0x00000000bad30000, 0x00000000c5a00000, 0x00000000f5a00000)
 concurrent-mark-sweep perm gen total 28352K, used 28192K [0x00000000f5a00000, 0x00000000f75b0000, 0x0000000100000000)
Event: 4.605 GC heap after
Heap after GC invocations=3 (full 0):
 def new generation   total 76672K, used 8512K [0x00000000b5a00000, 0x00000000bad30000, 0x00000000bad30000)
  eden space 68160K,   0% used [0x00000000b5a00000, 0x00000000b5a00000, 0x00000000b9c90000)
  from space 8512K, 100% used [0x00000000ba4e0000, 0x00000000bad30000, 0x00000000bad30000)
  to   space 8512K,   0% used [0x00000000b9c90000, 0x00000000b9c90000, 0x00000000ba4e0000)
 concurrent mark-sweep generation total 176960K, used 8468K [0x00000000bad30000, 0x00000000c5a00000, 0x00000000f5a00000)
 concurrent-mark-sweep perm gen total 28352K, used 28192K [0x00000000f5a00000, 0x00000000f75b0000, 0x0000000100000000)
}
Event: 8.924 GC heap before
{Heap before GC invocations=3 (full 0):
 def new generation   total 76672K, used 76672K [0x00000000b5a00000, 0x00000000bad30000, 0x00000000bad30000)
  eden space 68160K, 100% used [0x00000000b5a00000, 0x00000000b9c90000, 0x00000000b9c90000)
  from space 8512K, 100% used [0x00000000ba4e0000, 0x00000000bad30000, 0x00000000bad30000)
  to   space 8512K,   0% used [0x00000000b9c90000, 0x00000000b9c90000, 0x00000000ba4e0000)
 concurrent mark-sweep generation total 176960K, used 8468K [0x00000000bad30000, 0x00000000c5a00000, 0x00000000f5a00000)
 concurrent-mark-sweep perm gen total 34496K, used 34291K [0x00000000f5a00000, 0x00000000f7bb0000, 0x0000000100000000)
Event: 8.959 GC heap after
Heap after GC invocations=4 (full 0):
 def new generation   total 76672K, used 6806K [0x00000000b5a00000, 0x00000000bad30000, 0x00000000bad30000)
  eden space 68160K,   0% used [0x00000000b5a00000, 0x00000000b5a00000, 0x00000000b9c90000)
  from space 8512K,  79% used [0x00000000b9c90000, 0x00000000ba335880, 0x00000000ba4e0000)
  to   space 8512K,   0% used [0x00000000ba4e0000, 0x00000000ba4e0000, 0x00000000bad30000)
 concurrent mark-sweep generation total 176960K, used 13005K [0x00000000bad30000, 0x00000000c5a00000, 0x00000000f5a00000)
 concurrent-mark-sweep perm gen total 34496K, used 34291K [0x00000000f5a00000, 0x00000000f7bb0000, 0x0000000100000000)
}
Event: 10.297 GC heap before
{Heap before GC invocations=4 (full 0):
 def new generation   total 76672K, used 74966K [0x00000000b5a00000, 0x00000000bad30000, 0x00000000bad30000)
  eden space 68160K, 100% used [0x00000000b5a00000, 0x00000000b9c90000, 0x00000000b9c90000)
  from space 8512K,  79% used [0x00000000b9c90000, 0x00000000ba335880, 0x00000000ba4e0000)
  to   space 8512K,   0% used [0x00000000ba4e0000, 0x00000000ba4e0000, 0x00000000bad30000)
 concurrent mark-sweep generation total 176960K, used 13005K [0x00000000bad30000, 0x00000000c5a00000, 0x00000000f5a00000)
 concurrent-mark-sweep perm gen total 38144K, used 37982K [0x00000000f5a00000, 0x00000000f7f40000, 0x0000000100000000)
Event: 10.334 GC heap after
Heap after GC invocations=5 (full 0):
 def new generation   total 76672K, used 8511K [0x00000000b5a00000, 0x00000000bad30000, 0x00000000bad30000)
  eden space 68160K,   0% used [0x00000000b5a00000, 0x00000000b5a00000, 0x00000000b9c90000)
  from space 8512K,  99% used [0x00000000ba4e0000, 0x00000000bad2fff8, 0x00000000bad30000)
  to   space 8512K,   0% used [0x00000000b9c90000, 0x00000000b9c90000, 0x00000000ba4e0000)
 concurrent mark-sweep generation total 176960K, used 18734K [0x00000000bad30000, 0x00000000c5a00000, 0x00000000f5a00000)
 concurrent-mark-sweep perm gen total 38144K, used 37982K [0x00000000f5a00000, 0x00000000f7f40000, 0x0000000100000000)
}
Event: 15.587 GC heap before
{Heap before GC invocations=5 (full 0):
 def new generation   total 76672K, used 76671K [0x00000000b5a00000, 0x00000000bad30000, 0x00000000bad30000)
  eden space 68160K, 100% used [0x00000000b5a00000, 0x00000000b9c90000, 0x00000000b9c90000)
  from space 8512K,  99% used [0x00000000ba4e0000, 0x00000000bad2fff8, 0x00000000bad30000)
  to   space 8512K,   0% used [0x00000000b9c90000, 0x00000000b9c90000, 0x00000000ba4e0000)
 concurrent mark-sweep generation total 176960K, used 18734K [0x00000000bad30000, 0x00000000c5a00000, 0x00000000f5a00000)
 concurrent-mark-sweep perm gen total 40256K, used 40164K [0x00000000f5a00000, 0x00000000f8150000, 0x0000000100000000)
Event: 15.617 GC heap after
Heap after GC invocations=6 (full 0):
 def new generation   total 76672K, used 6516K [0x00000000b5a00000, 0x00000000bad30000, 0x00000000bad30000)
  eden space 68160K,   0% used [0x00000000b5a00000, 0x00000000b5a00000, 0x00000000b9c90000)
  from space 8512K,  76% used [0x00000000b9c90000, 0x00000000ba2ed000, 0x00000000ba4e0000)
  to   space 8512K,   0% used [0x00000000ba4e0000, 0x00000000ba4e0000, 0x00000000bad30000)
 concurrent mark-sweep generation total 176960K, used 24235K [0x00000000bad30000, 0x00000000c5a00000, 0x00000000f5a00000)
 concurrent-mark-sweep perm gen total 40256K, used 40164K [0x00000000f5a00000, 0x00000000f8150000, 0x0000000100000000)
}
Event: 46.195 GC heap before
{Heap before GC invocations=6 (full 0):
 def new generation   total 76672K, used 74676K [0x00000000b5a00000, 0x00000000bad30000, 0x00000000bad30000)
  eden space 68160K, 100% used [0x00000000b5a00000, 0x00000000b9c90000, 0x00000000b9c90000)
  from space 8512K,  76% used [0x00000000b9c90000, 0x00000000ba2ed000, 0x00000000ba4e0000)
  to   space 8512K,   0% used [0x00000000ba4e0000, 0x00000000ba4e0000, 0x00000000bad30000)
 concurrent mark-sweep generation total 176960K, used 24235K [0x00000000bad30000, 0x00000000c5a00000, 0x00000000f5a00000)
 concurrent-mark-sweep perm gen total 40832K, used 40767K [0x00000000f5a00000, 0x00000000f81e0000, 0x0000000100000000)
Event: 46.221 GC heap after
Heap after GC invocations=7 (full 0):
 def new generation   total 76672K, used 2664K [0x00000000b5a00000, 0x00000000bad30000, 0x00000000bad30000)
  eden space 68160K,   0% used [0x00000000b5a00000, 0x00000000b5a00000, 0x00000000b9c90000)
  from space 8512K,  31% used [0x00000000ba4e0000, 0x00000000ba77a3b0, 0x00000000bad30000)
  to   space 8512K,   0% used [0x00000000b9c90000, 0x00000000b9c90000, 0x00000000ba4e0000)
 concurrent mark-sweep generation total 176960K, used 28203K [0x00000000bad30000, 0x00000000c5a00000, 0x00000000f5a00000)
 concurrent-mark-sweep perm gen total 40832K, used 40767K [0x00000000f5a00000, 0x00000000f81e0000, 0x0000000100000000)
}

