# JRE version: OpenJDK Runtime Environment (7.0_85-b01) (build 1.7.0_85-b01)
# Java VM: OpenJDK 64-Bit Server VM (24.85-b03 mixed mode linux-amd64 compressed oops)
Heap
 def new generation   total 76672K, used 32682K [0x00000000b5a00000, 0x00000000bad30000, 0x00000000bad30000)
  eden space 68160K,  43% used [0x00000000b5a00000, 0x00000000b7728948, 0x00000000b9c90000)
  from space 8512K,  33% used [0x00000000b9c90000, 0x00000000b9f52280, 0x00000000ba4e0000)
  to   space 8512K,   0% used [0x00000000ba4e0000, 0x00000000ba4e0000, 0x00000000bad30000)
 concurrent mark-sweep generation total 176960K, used 30318K [0x00000000bad30000, 0x00000000c5a00000, 0x00000000f5a00000)
 concurrent-mark-sweep perm gen total 41408K, used 41346K [0x00000000f5a00000, 0x00000000f8270000, 0x0000000100000000)
GC Heap History (10 events):
Event: 59.545 GC heap before
{Heap before GC invocations=7 (full 0):
 def new generation   total 76672K, used 70535K [0x00000000b5a00000, 0x00000000bad30000, 0x00000000bad30000)
  eden space 68160K, 100% used [0x00000000b5a00000, 0x00000000b9c90000, 0x00000000b9c90000)
  from space 8512K,  27% used [0x00000000ba4e0000, 0x00000000ba731d80, 0x00000000bad30000)
  to   space 8512K,   0% used [0x00000000b9c90000, 0x00000000b9c90000, 0x00000000ba4e0000)
 concurrent mark-sweep generation total 176960K, used 27854K [0x00000000bad30000, 0x00000000c5a00000, 0x00000000f5a00000)
 concurrent-mark-sweep perm gen total 41216K, used 41094K [0x00000000f5a00000, 0x00000000f8240000, 0x0000000100000000)
Event: 59.564 GC heap after
Heap after GC invocations=8 (full 0):
 def new generation   total 76672K, used 3848K [0x00000000b5a00000, 0x00000000bad30000, 0x00000000bad30000)
  eden space 68160K,   0% used [0x00000000b5a00000, 0x00000000b5a00000, 0x00000000b9c90000)
  from space 8512K,  45% used [0x00000000b9c90000, 0x00000000ba052368, 0x00000000ba4e0000)
  to   space 8512K,   0% used [0x00000000ba4e0000, 0x00000000ba4e0000, 0x00000000bad30000)
 concurrent mark-sweep generation total 176960K, used 27854K [0x00000000bad30000, 0x00000000c5a00000, 0x00000000f5a00000)
 concurrent-mark-sweep perm gen total 41216K, used 41094K [0x00000000f5a00000, 0x00000000f8240000, 0x0000000100000000)
}
Event: 97.296 GC heap before
{Heap before GC invocations=8 (full 0):
 def new generation   total 76672K, used 72008K [0x00000000b5a00000, 0x00000000bad30000, 0x00000000bad30000)
  eden space 68160K, 100% used [0x00000000b5a00000, 0x00000000b9c90000, 0x00000000b9c90000)
  from space 8512K,  45% used [0x00000000b9c90000, 0x00000000ba052368, 0x00000000ba4e0000)
  to   space 8512K,   0% used [0x00000000ba4e0000, 0x00000000ba4e0000, 0x00000000bad30000)
 concurrent mark-sweep generation total 176960K, used 27854K [0x00000000bad30000, 0x00000000c5a00000, 0x00000000f5a00000)
 concurrent-mark-sweep perm gen total 41216K, used 41153K [0x00000000f5a00000, 0x00000000f8240000, 0x0000000100000000)
Event: 97.305 GC heap after
Heap after GC invocations=9 (full 0):
 def new generation   total 76672K, used 3396K [0x00000000b5a00000, 0x00000000bad30000, 0x00000000bad30000)
  eden space 68160K,   0% used [0x00000000b5a00000, 0x00000000b5a00000, 0x00000000b9c90000)
  from space 8512K,  39% used [0x00000000ba4e0000, 0x00000000ba8312c0, 0x00000000bad30000)
  to   space 8512K,   0% used [0x00000000b9c90000, 0x00000000b9c90000, 0x00000000ba4e0000)
 concurrent mark-sweep generation total 176960K, used 27854K [0x00000000bad30000, 0x00000000c5a00000, 0x00000000f5a00000)
 concurrent-mark-sweep perm gen total 41216K, used 41153K [0x00000000f5a00000, 0x00000000f8240000, 0x0000000100000000)
}
Event: 128.507 GC heap before
{Heap before GC invocations=9 (full 0):
 def new generation   total 76672K, used 71556K [0x00000000b5a00000, 0x00000000bad30000, 0x00000000bad30000)
  eden space 68160K, 100% used [0x00000000b5a00000, 0x00000000b9c90000, 0x00000000b9c90000)
  from space 8512K,  39% used [0x00000000ba4e0000, 0x00000000ba8312c0, 0x00000000bad30000)
  to   space 8512K,   0% used [0x00000000b9c90000, 0x00000000b9c90000, 0x00000000ba4e0000)
 concurrent mark-sweep generation total 176960K, used 27854K [0x00000000bad30000, 0x00000000c5a00000, 0x00000000f5a00000)
 concurrent-mark-sweep perm gen total 41408K, used 41186K [0x00000000f5a00000, 0x00000000f8270000, 0x0000000100000000)
Event: 128.516 GC heap after
Heap after GC invocations=10 (full 0):
 def new generation   total 76672K, used 6898K [0x00000000b5a00000, 0x00000000bad30000, 0x00000000bad30000)
  eden space 68160K,   0% used [0x00000000b5a00000, 0x00000000b5a00000, 0x00000000b9c90000)
  from space 8512K,  81% used [0x00000000b9c90000, 0x00000000ba34cb98, 0x00000000ba4e0000)
  to   space 8512K,   0% used [0x00000000ba4e0000, 0x00000000ba4e0000, 0x00000000bad30000)
 concurrent mark-sweep generation total 176960K, used 27854K [0x00000000bad30000, 0x00000000c5a00000, 0x00000000f5a00000)
 concurrent-mark-sweep perm gen total 41408K, used 41186K [0x00000000f5a00000, 0x00000000f8270000, 0x0000000100000000)
}
Event: 148.631 GC heap before
{Heap before GC invocations=10 (full 0):
 def new generation   total 76672K, used 75058K [0x00000000b5a00000, 0x00000000bad30000, 0x00000000bad30000)
  eden space 68160K, 100% used [0x00000000b5a00000, 0x00000000b9c90000, 0x00000000b9c90000)
  from space 8512K,  81% used [0x00000000b9c90000, 0x00000000ba34cb98, 0x00000000ba4e0000)
  to   space 8512K,   0% used [0x00000000ba4e0000, 0x00000000ba4e0000, 0x00000000bad30000)
 concurrent mark-sweep generation total 176960K, used 27854K [0x00000000bad30000, 0x00000000c5a00000, 0x00000000f5a00000)
 concurrent-mark-sweep perm gen total 41408K, used 41251K [0x00000000f5a00000, 0x00000000f8270000, 0x0000000100000000)
Event: 148.645 GC heap after
Heap after GC invocations=11 (full 0):
 def new generation   total 76672K, used 2837K [0x00000000b5a00000, 0x00000000bad30000, 0x00000000bad30000)
  eden space 68160K,   0% used [0x00000000b5a00000, 0x00000000b5a00000, 0x00000000b9c90000)
  from space 8512K,  33% used [0x00000000ba4e0000, 0x00000000ba7a5508, 0x00000000bad30000)
  to   space 8512K,   0% used [0x00000000b9c90000, 0x00000000b9c90000, 0x00000000ba4e0000)
 concurrent mark-sweep generation total 176960K, used 30318K [0x00000000bad30000, 0x00000000c5a00000, 0x00000000f5a00000)
 concurrent-mark-sweep perm gen total 41408K, used 41251K [0x00000000f5a00000, 0x00000000f8270000, 0x0000000100000000)
}
Event: 180.737 GC heap before
{Heap before GC invocations=11 (full 0):
 def new generation   total 76672K, used 70997K [0x00000000b5a00000, 0x00000000bad30000, 0x00000000bad30000)
  eden space 68160K, 100% used [0x00000000b5a00000, 0x00000000b9c90000, 0x00000000b9c90000)
  from space 8512K,  33% used [0x00000000ba4e0000, 0x00000000ba7a5508, 0x00000000bad30000)
  to   space 8512K,   0% used [0x00000000b9c90000, 0x00000000b9c90000, 0x00000000ba4e0000)
 concurrent mark-sweep generation total 176960K, used 30318K [0x00000000bad30000, 0x00000000c5a00000, 0x00000000f5a00000)
 concurrent-mark-sweep perm gen total 41408K, used 41330K [0x00000000f5a00000, 0x00000000f8270000, 0x0000000100000000)
Event: 180.750 GC heap after
Heap after GC invocations=12 (full 0):
 def new generation   total 76672K, used 2824K [0x00000000b5a00000, 0x00000000bad30000, 0x00000000bad30000)
  eden space 68160K,   0% used [0x00000000b5a00000, 0x00000000b5a00000, 0x00000000b9c90000)
  from space 8512K,  33% used [0x00000000b9c90000, 0x00000000b9f52280, 0x00000000ba4e0000)
  to   space 8512K,   0% used [0x00000000ba4e0000, 0x00000000ba4e0000, 0x00000000bad30000)
 concurrent mark-sweep generation total 176960K, used 30318K [0x00000000bad30000, 0x00000000c5a00000, 0x00000000f5a00000)
 concurrent-mark-sweep perm gen total 41408K, used 41330K [0x00000000f5a00000, 0x00000000f8270000, 0x0000000100000000)
}

