# JRE version: OpenJDK Runtime Environment (7.0_85-b01) (build 1.7.0_85-b01)
# Java VM: OpenJDK 64-Bit Server VM (24.85-b03 mixed mode linux-amd64 compressed oops)
Heap
 def new generation   total 76672K, used 24684K [0x00000000b5a00000, 0x00000000bad30000, 0x00000000bad30000)
  eden space 68160K,  29% used [0x00000000b5a00000, 0x00000000b6dd6088, 0x00000000b9c90000)
  from space 8512K,  51% used [0x00000000b9c90000, 0x00000000ba0d51b0, 0x00000000ba4e0000)
  to   space 8512K,   0% used [0x00000000ba4e0000, 0x00000000ba4e0000, 0x00000000bad30000)
 concurrent mark-sweep generation total 176960K, used 31563K [0x00000000bad30000, 0x00000000c5a00000, 0x00000000f5a00000)
 concurrent-mark-sweep perm gen total 41600K, used 41370K [0x00000000f5a00000, 0x00000000f82a0000, 0x0000000100000000)
GC Heap History (10 events):
Event: 76.591 GC heap before
{Heap before GC invocations=7 (full 0):
 def new generation   total 76672K, used 70565K [0x00000000b5a00000, 0x00000000bad30000, 0x00000000bad30000)
  eden space 68160K, 100% used [0x00000000b5a00000, 0x00000000b9c90000, 0x00000000b9c90000)
  from space 8512K,  28% used [0x00000000ba4e0000, 0x00000000ba739580, 0x00000000bad30000)
  to   space 8512K,   0% used [0x00000000b9c90000, 0x00000000b9c90000, 0x00000000ba4e0000)
 concurrent mark-sweep generation total 176960K, used 29262K [0x00000000bad30000, 0x00000000c5a00000, 0x00000000f5a00000)
 concurrent-mark-sweep perm gen total 41024K, used 40797K [0x00000000f5a00000, 0x00000000f8210000, 0x0000000100000000)
Event: 76.598 GC heap after
Heap after GC invocations=8 (full 0):
 def new generation   total 76672K, used 3463K [0x00000000b5a00000, 0x00000000bad30000, 0x00000000bad30000)
  eden space 68160K,   0% used [0x00000000b5a00000, 0x00000000b5a00000, 0x00000000b9c90000)
  from space 8512K,  40% used [0x00000000b9c90000, 0x00000000b9ff1e50, 0x00000000ba4e0000)
  to   space 8512K,   0% used [0x00000000ba4e0000, 0x00000000ba4e0000, 0x00000000bad30000)
 concurrent mark-sweep generation total 176960K, used 29262K [0x00000000bad30000, 0x00000000c5a00000, 0x00000000f5a00000)
 concurrent-mark-sweep perm gen total 41024K, used 40797K [0x00000000f5a00000, 0x00000000f8210000, 0x0000000100000000)
}
Event: 98.364 GC heap before
{Heap before GC invocations=8 (full 0):
 def new generation   total 76672K, used 71623K [0x00000000b5a00000, 0x00000000bad30000, 0x00000000bad30000)
  eden space 68160K, 100% used [0x00000000b5a00000, 0x00000000b9c90000, 0x00000000b9c90000)
  from space 8512K,  40% used [0x00000000b9c90000, 0x00000000b9ff1e50, 0x00000000ba4e0000)
  to   space 8512K,   0% used [0x00000000ba4e0000, 0x00000000ba4e0000, 0x00000000bad30000)
 concurrent mark-sweep generation total 176960K, used 29262K [0x00000000bad30000, 0x00000000c5a00000, 0x00000000f5a00000)
 concurrent-mark-sweep perm gen total 41216K, used 41062K [0x00000000f5a00000, 0x00000000f8240000, 0x0000000100000000)
Event: 98.379 GC heap after
Heap after GC invocations=9 (full 0):
 def new generation   total 76672K, used 4725K [0x00000000b5a00000, 0x00000000bad30000, 0x00000000bad30000)
  eden space 68160K,   0% used [0x00000000b5a00000, 0x00000000b5a00000, 0x00000000b9c90000)
  from space 8512K,  55% used [0x00000000ba4e0000, 0x00000000ba97d6c8, 0x00000000bad30000)
  to   space 8512K,   0% used [0x00000000b9c90000, 0x00000000b9c90000, 0x00000000ba4e0000)
 concurrent mark-sweep generation total 176960K, used 29262K [0x00000000bad30000, 0x00000000c5a00000, 0x00000000f5a00000)
 concurrent-mark-sweep perm gen total 41216K, used 41062K [0x00000000f5a00000, 0x00000000f8240000, 0x0000000100000000)
}
Event: 128.234 GC heap before
{Heap before GC invocations=9 (full 0):
 def new generation   total 76672K, used 72791K [0x00000000b5a00000, 0x00000000bad30000, 0x00000000bad30000)
  eden space 68160K,  99% used [0x00000000b5a00000, 0x00000000b9c788f0, 0x00000000b9c90000)
  from space 8512K,  55% used [0x00000000ba4e0000, 0x00000000ba97d6c8, 0x00000000bad30000)
  to   space 8512K,   0% used [0x00000000b9c90000, 0x00000000b9c90000, 0x00000000ba4e0000)
 concurrent mark-sweep generation total 176960K, used 29262K [0x00000000bad30000, 0x00000000c5a00000, 0x00000000f5a00000)
 concurrent-mark-sweep perm gen total 41408K, used 41229K [0x00000000f5a00000, 0x00000000f8270000, 0x0000000100000000)
Event: 128.249 GC heap after
Heap after GC invocations=10 (full 0):
 def new generation   total 76672K, used 5115K [0x00000000b5a00000, 0x00000000bad30000, 0x00000000bad30000)
  eden space 68160K,   0% used [0x00000000b5a00000, 0x00000000b5a00000, 0x00000000b9c90000)
  from space 8512K,  60% used [0x00000000b9c90000, 0x00000000ba18ef18, 0x00000000ba4e0000)
  to   space 8512K,   0% used [0x00000000ba4e0000, 0x00000000ba4e0000, 0x00000000bad30000)
 concurrent mark-sweep generation total 176960K, used 30294K [0x00000000bad30000, 0x00000000c5a00000, 0x00000000f5a00000)
 concurrent-mark-sweep perm gen total 41408K, used 41229K [0x00000000f5a00000, 0x00000000f8270000, 0x0000000100000000)
}
Event: 158.441 GC heap before
{Heap before GC invocations=10 (full 0):
 def new generation   total 76672K, used 73275K [0x00000000b5a00000, 0x00000000bad30000, 0x00000000bad30000)
  eden space 68160K, 100% used [0x00000000b5a00000, 0x00000000b9c90000, 0x00000000b9c90000)
  from space 8512K,  60% used [0x00000000b9c90000, 0x00000000ba18ef18, 0x00000000ba4e0000)
  to   space 8512K,   0% used [0x00000000ba4e0000, 0x00000000ba4e0000, 0x00000000bad30000)
 concurrent mark-sweep generation total 176960K, used 30294K [0x00000000bad30000, 0x00000000c5a00000, 0x00000000f5a00000)
 concurrent-mark-sweep perm gen total 41408K, used 41319K [0x00000000f5a00000, 0x00000000f8270000, 0x0000000100000000)
Event: 158.455 GC heap after
Heap after GC invocations=11 (full 0):
 def new generation   total 76672K, used 3666K [0x00000000b5a00000, 0x00000000bad30000, 0x00000000bad30000)
  eden space 68160K,   0% used [0x00000000b5a00000, 0x00000000b5a00000, 0x00000000b9c90000)
  from space 8512K,  43% used [0x00000000ba4e0000, 0x00000000ba874a68, 0x00000000bad30000)
  to   space 8512K,   0% used [0x00000000b9c90000, 0x00000000b9c90000, 0x00000000ba4e0000)
 concurrent mark-sweep generation total 176960K, used 31563K [0x00000000bad30000, 0x00000000c5a00000, 0x00000000f5a00000)
 concurrent-mark-sweep perm gen total 41408K, used 41319K [0x00000000f5a00000, 0x00000000f8270000, 0x0000000100000000)
}
Event: 188.781 GC heap before
{Heap before GC invocations=11 (full 0):
 def new generation   total 76672K, used 71826K [0x00000000b5a00000, 0x00000000bad30000, 0x00000000bad30000)
  eden space 68160K, 100% used [0x00000000b5a00000, 0x00000000b9c90000, 0x00000000b9c90000)
  from space 8512K,  43% used [0x00000000ba4e0000, 0x00000000ba874a68, 0x00000000bad30000)
  to   space 8512K,   0% used [0x00000000b9c90000, 0x00000000b9c90000, 0x00000000ba4e0000)
 concurrent mark-sweep generation total 176960K, used 31563K [0x00000000bad30000, 0x00000000c5a00000, 0x00000000f5a00000)
 concurrent-mark-sweep perm gen total 41408K, used 41354K [0x00000000f5a00000, 0x00000000f8270000, 0x0000000100000000)
Event: 188.800 GC heap after
Heap after GC invocations=12 (full 0):
 def new generation   total 76672K, used 4372K [0x00000000b5a00000, 0x00000000bad30000, 0x00000000bad30000)
  eden space 68160K,   0% used [0x00000000b5a00000, 0x00000000b5a00000, 0x00000000b9c90000)
  from space 8512K,  51% used [0x00000000b9c90000, 0x00000000ba0d51b0, 0x00000000ba4e0000)
  to   space 8512K,   0% used [0x00000000ba4e0000, 0x00000000ba4e0000, 0x00000000bad30000)
 concurrent mark-sweep generation total 176960K, used 31563K [0x00000000bad30000, 0x00000000c5a00000, 0x00000000f5a00000)
 concurrent-mark-sweep perm gen total 41408K, used 41354K [0x00000000f5a00000, 0x00000000f8270000, 0x0000000100000000)
}

